[main 45acc09] Автосинхронизация: 2025-07-23 09:45:01
 3 files changed, 12 insertions(+)
 create mode 100644 autopush.log
 create mode 100755 autopush.sh
 create mode 100644 shaderpacks/2025-07-21-5.log
To github.com:Lotus-Network-Ltd/Lotus-Pack.git
   a40b0a5..45acc09  main -> main
[main d221fe2] Автосинхронизация: 2025-07-23 09:50:01
 1 file changed, 7 insertions(+)
To github.com:Lotus-Network-Ltd/Lotus-Pack.git
   45acc09..d221fe2  main -> main
[main 44ffdad] Автосинхронизация: 2025-07-23 09:55:01
 1 file changed, 4 insertions(+)
To github.com:Lotus-Network-Ltd/Lotus-Pack.git
   d221fe2..44ffdad  main -> main
[main cc00cec] Автосинхронизация: 2025-07-23 10:00:01
 1 file changed, 4 insertions(+)
To github.com:Lotus-Network-Ltd/Lotus-Pack.git
   44ffdad..cc00cec  main -> main
[main 63fc703] Автосинхронизация: 2025-07-23 10:05:01
 1 file changed, 4 insertions(+)
To github.com:Lotus-Network-Ltd/Lotus-Pack.git
   cc00cec..63fc703  main -> main
[main c16f16e] Автосинхронизация: 2025-07-23 10:10:01
 2 files changed, 4 insertions(+)
 delete mode 100644 shaderpacks/2025-07-21-5.log
To github.com:Lotus-Network-Ltd/Lotus-Pack.git
   63fc703..c16f16e  main -> main
